<?xml version="1.0" encoding="UTF-8"?>
<!-- Generated by org.testng.reporters.JUnitReportReporter -->
<testsuite skipped="0" hostname="CIS20" name="com.run.failedTests.TestClass2" tests="1" failures="0" timestamp="12 Mar 2020 12:58:38 GMT" time="3.079" errors="0">
  <testcase name="test3" time="3.079" classname="com.run.failedTests.TestClass2"/>
</testsuite> <!-- com.run.failedTests.TestClass2 -->
