<?xml version="1.0" encoding="UTF-8"?>
<!-- Generated by org.testng.reporters.JUnitReportReporter -->
<testsuite skipped="0" hostname="CIS62" name="com.run.failedTests.RetryFailedTests" tests="1" failures="0" timestamp="2020-03-02T14:21:35 IST" time="0.016" errors="0">
  <testcase name="trest" time="0.016" classname="com.run.failedTests.RetryFailedTests"/>
</testsuite> <!-- com.run.failedTests.RetryFailedTests -->
